-------------------------------------------------------------------------------
Test set: test.TestColeccions
-------------------------------------------------------------------------------
Tests run: 2, Failures: 1, Errors: 1, Skipped: 0, Time elapsed: 0.067 s <<< FAILURE! - in test.TestColeccions
apartat1  Time elapsed: 0.048 s  <<< FAILURE!
org.opentest4j.AssertionFailedError: expected: <true> but was: <false>
	at test.TestColeccions.apartat1(TestColeccions.java:65)

apartat2  Time elapsed: 0.012 s  <<< ERROR!
java.lang.UnsupportedOperationException
	at test.TestColeccions.apartat2(TestColeccions.java:94)

